Started by user [8mha:////4DV1sTA+WhgIv0UkDxfwVtEuhHytMhuT5dermWrHK8nEAAAAmx+LCAAAAAAAAP9b85aBtbiIQTGjNKU4P08vOT+vOD8nVc83PyU1x6OyILUoJzMv2y+/JJUBAhiZGBgqihhk0NSjKDWzXb3RdlLBUSYGJk8GtpzUvPSSDB8G5tKinBIGIZ+sxLJE/ZzEvHT94JKizLx0a6BxUmjGOUNodHsLgAyOEgZ+/dLi1CL9xIyS1OKMxNxEADhuzyDEAAAA[0mahtesham
Building in workspace /var/lib/jenkins/workspace/project1
 > git rev-parse --is-inside-work-tree # timeout=10
Fetching changes from the remote Git repository
 > git config remote.origin.url https://github.com/ctproject4/bmi3.git # timeout=10
Fetching upstream changes from https://github.com/ctproject4/bmi3.git
 > git --version # timeout=10
using GIT_ASKPASS to set credentials 
 > git fetch --tags --progress https://github.com/ctproject4/bmi3.git +refs/heads/*:refs/remotes/origin/*
 > git rev-parse refs/remotes/origin/master^{commit} # timeout=10
 > git rev-parse refs/remotes/origin/origin/master^{commit} # timeout=10
Checking out Revision f72ee5d5473f1cdd5a8b2d1c785ce8539b6199a8 (refs/remotes/origin/master)
 > git config core.sparsecheckout # timeout=10
 > git checkout -f f72ee5d5473f1cdd5a8b2d1c785ce8539b6199a8
Commit message: "Update pom.xml"
 > git rev-list --no-walk f72ee5d5473f1cdd5a8b2d1c785ce8539b6199a8 # timeout=10
[project1] $ mvn clean install
[INFO] Scanning for projects...
[INFO]                                                                         
[INFO] ------------------------------------------------------------------------
[INFO] Building com.citiustech Maven Webapp 0.0.1-SNAPSHOT
[INFO] ------------------------------------------------------------------------
[INFO] 
[8mha:////4NCn9iuPDbooMYjA9ut4WXe5Anzl+BUYuxBd+Pi7hapgAAAAYB+LCAAAAAAAAP9b85aBtbiIQSmjNKU4P0+vJLE4u1gvPjexLDVPzxdEGvvmZ+X75ZekLlOVfvTjc8FPJgaGiiIGKaiG5Py84vycVD1nCA1SyAABjCCFBQCV27OjYAAAAA==[0m[INFO] --- maven-clean-plugin:2.4.1:clean (default-clean) @ com.citiustech ---
[INFO] Deleting /var/lib/jenkins/workspace/project1/target
[INFO] 
[8mha:////4NCn9iuPDbooMYjA9ut4WXe5Anzl+BUYuxBd+Pi7hapgAAAAYB+LCAAAAAAAAP9b85aBtbiIQSmjNKU4P0+vJLE4u1gvPjexLDVPzxdEGvvmZ+X75ZekLlOVfvTjc8FPJgaGiiIGKaiG5Py84vycVD1nCA1SyAABjCCFBQCV27OjYAAAAA==[0m[INFO] --- maven-resources-plugin:2.5:resources (default-resources) @ com.citiustech ---
[debug] execute contextualize
[8mha:////4KpTBNSGqOBgkr9pl+Vsz72QsZtHGtNhn7mjDioAanD6AAAAYx+LCAAAAAAAAP9b85aBtbiIQSWjNKU4P0+vJLE4u1gvPjexLDVPzxdEhicW5WXmpfvll6S2fNly5fzGzauYGBgqihikoFqS8/OK83NS9ZwhNEghAwQwghQWAACwxA+XYgAAAA==[0m[WARNING] Using platform encoding (UTF-8 actually) to copy filtered resources, i.e. build is platform dependent!
[INFO] skip non existing resourceDirectory /var/lib/jenkins/workspace/project1/src/main/resources
[INFO] 
[8mha:////4NCn9iuPDbooMYjA9ut4WXe5Anzl+BUYuxBd+Pi7hapgAAAAYB+LCAAAAAAAAP9b85aBtbiIQSmjNKU4P0+vJLE4u1gvPjexLDVPzxdEGvvmZ+X75ZekLlOVfvTjc8FPJgaGiiIGKaiG5Py84vycVD1nCA1SyAABjCCFBQCV27OjYAAAAA==[0m[INFO] --- maven-compiler-plugin:2.3.2:compile (default-compile) @ com.citiustech ---
[INFO] No sources to compile
[INFO] 
[8mha:////4NCn9iuPDbooMYjA9ut4WXe5Anzl+BUYuxBd+Pi7hapgAAAAYB+LCAAAAAAAAP9b85aBtbiIQSmjNKU4P0+vJLE4u1gvPjexLDVPzxdEGvvmZ+X75ZekLlOVfvTjc8FPJgaGiiIGKaiG5Py84vycVD1nCA1SyAABjCCFBQCV27OjYAAAAA==[0m[INFO] --- maven-resources-plugin:2.5:testResources (default-testResources) @ com.citiustech ---
[debug] execute contextualize
[8mha:////4KpTBNSGqOBgkr9pl+Vsz72QsZtHGtNhn7mjDioAanD6AAAAYx+LCAAAAAAAAP9b85aBtbiIQSWjNKU4P0+vJLE4u1gvPjexLDVPzxdEhicW5WXmpfvll6S2fNly5fzGzauYGBgqihikoFqS8/OK83NS9ZwhNEghAwQwghQWAACwxA+XYgAAAA==[0m[WARNING] Using platform encoding (UTF-8 actually) to copy filtered resources, i.e. build is platform dependent!
[INFO] skip non existing resourceDirectory /var/lib/jenkins/workspace/project1/src/test/resources
[INFO] 
[8mha:////4NCn9iuPDbooMYjA9ut4WXe5Anzl+BUYuxBd+Pi7hapgAAAAYB+LCAAAAAAAAP9b85aBtbiIQSmjNKU4P0+vJLE4u1gvPjexLDVPzxdEGvvmZ+X75ZekLlOVfvTjc8FPJgaGiiIGKaiG5Py84vycVD1nCA1SyAABjCCFBQCV27OjYAAAAA==[0m[INFO] --- maven-compiler-plugin:2.3.2:testCompile (default-testCompile) @ com.citiustech ---
[INFO] No sources to compile
[INFO] 
[8mha:////4NCn9iuPDbooMYjA9ut4WXe5Anzl+BUYuxBd+Pi7hapgAAAAYB+LCAAAAAAAAP9b85aBtbiIQSmjNKU4P0+vJLE4u1gvPjexLDVPzxdEGvvmZ+X75ZekLlOVfvTjc8FPJgaGiiIGKaiG5Py84vycVD1nCA1SyAABjCCFBQCV27OjYAAAAA==[0m[INFO] --- maven-surefire-plugin:2.10:test (default-test) @ com.citiustech ---
[INFO] No tests to run.
[INFO] Surefire report directory: /var/lib/jenkins/workspace/project1/target/surefire-reports

-------------------------------------------------------
 T E S T S
-------------------------------------------------------

Results :

Tests run: 0, Failures: 0, Errors: 0, Skipped: 0

[INFO] 
[8mha:////4NCn9iuPDbooMYjA9ut4WXe5Anzl+BUYuxBd+Pi7hapgAAAAYB+LCAAAAAAAAP9b85aBtbiIQSmjNKU4P0+vJLE4u1gvPjexLDVPzxdEGvvmZ+X75ZekLlOVfvTjc8FPJgaGiiIGKaiG5Py84vycVD1nCA1SyAABjCCFBQCV27OjYAAAAA==[0m[INFO] --- maven-war-plugin:2.1.1:war (default-war) @ com.citiustech ---
[INFO] Packaging webapp
[INFO] Assembling webapp [com.citiustech] in [/var/lib/jenkins/workspace/project1/target/com.bmi]
[INFO] Processing war project
[INFO] Copying webapp resources [/var/lib/jenkins/workspace/project1/src/main/webapp]
[INFO] Webapp assembled in [42 msecs]
[INFO] Building war: /var/lib/jenkins/workspace/project1/target/com.bmi.war
[INFO] WEB-INF/web.xml already added, skipping
[INFO] 
[8mha:////4NCn9iuPDbooMYjA9ut4WXe5Anzl+BUYuxBd+Pi7hapgAAAAYB+LCAAAAAAAAP9b85aBtbiIQSmjNKU4P0+vJLE4u1gvPjexLDVPzxdEGvvmZ+X75ZekLlOVfvTjc8FPJgaGiiIGKaiG5Py84vycVD1nCA1SyAABjCCFBQCV27OjYAAAAA==[0m[INFO] --- maven-install-plugin:2.3.1:install (default-install) @ com.citiustech ---
[INFO] Installing /var/lib/jenkins/workspace/project1/target/com.bmi.war to /var/lib/jenkins/.m2/repository/citiustech/com.citiustech/0.0.1-SNAPSHOT/com.citiustech-0.0.1-SNAPSHOT.war
[INFO] Installing /var/lib/jenkins/workspace/project1/pom.xml to /var/lib/jenkins/.m2/repository/citiustech/com.citiustech/0.0.1-SNAPSHOT/com.citiustech-0.0.1-SNAPSHOT.pom
[INFO] ------------------------------------------------------------------------
[INFO] BUILD SUCCESS
[INFO] ------------------------------------------------------------------------
[INFO] Total time: 2.986s
[INFO] Finished at: Mon Apr 16 06:23:15 UTC 2018
[INFO] Final Memory: 7M/18M
[INFO] ------------------------------------------------------------------------
[project1] $ /bin/sh -xe /tmp/jenkins869526406532193894.sh
+ echo 'printing environment variable'
printing environment variable
+ echo /var/lib/jenkins
/var/lib/jenkins
+ echo

+ echo 'creating dockerfile'
creating dockerfile
+ touch Dockerfile
+ echo 'FROM tomcat
copy /target/com.bmi.war /usr/local/tomcat/webapps/
copy tomcat-users.xml /usr/local/tomcat/conf/
EXPOSE 8080
CMD chmod +x /usr/local/tomcat/bin/catalina
CMD [catalina.sh,run]'
Deploying /var/lib/jenkins/workspace/project1/target/com.bmi.war to container Tomcat 7.x Remote with context bmi
ERROR: Build step failed with exception
org.codehaus.cargo.container.ContainerException: Failed to redeploy [/var/lib/jenkins/workspace/project1/target/com.bmi.war]
	at org.codehaus.cargo.container.tomcat.internal.AbstractTomcatManagerDeployer.redeploy(AbstractTomcatManagerDeployer.java:192)
	at hudson.plugins.deploy.CargoContainerAdapter.deploy(CargoContainerAdapter.java:77)
	at hudson.plugins.deploy.CargoContainerAdapter$DeployCallable.invoke(CargoContainerAdapter.java:147)
	at hudson.plugins.deploy.CargoContainerAdapter$DeployCallable.invoke(CargoContainerAdapter.java:117)
	at hudson.FilePath.act(FilePath.java:1009)
	at hudson.FilePath.act(FilePath.java:987)
	at hudson.plugins.deploy.CargoContainerAdapter.redeploy(CargoContainerAdapter.java:114)
	at hudson.plugins.deploy.PasswordProtectedAdapterCargo.redeploy(PasswordProtectedAdapterCargo.java:93)
	at hudson.plugins.deploy.DeployPublisher.perform(DeployPublisher.java:64)
	at hudson.tasks.BuildStepMonitor$3.perform(BuildStepMonitor.java:45)
	at hudson.model.AbstractBuild$AbstractBuildExecution.perform(AbstractBuild.java:744)
	at hudson.model.AbstractBuild$AbstractBuildExecution.performAllBuildSteps(AbstractBuild.java:690)
	at hudson.model.Build$BuildExecution.post2(Build.java:186)
	at hudson.model.AbstractBuild$AbstractBuildExecution.post(AbstractBuild.java:635)
	at hudson.model.Run.execute(Run.java:1752)
	at hudson.model.FreeStyleBuild.run(FreeStyleBuild.java:43)
	at hudson.model.ResourceController.execute(ResourceController.java:97)
	at hudson.model.Executor.run(Executor.java:429)
Caused by: java.net.ConnectException: Connection timed out (Connection timed out)
	at java.net.PlainSocketImpl.socketConnect(Native Method)
	at java.net.AbstractPlainSocketImpl.doConnect(AbstractPlainSocketImpl.java:350)
	at java.net.AbstractPlainSocketImpl.connectToAddress(AbstractPlainSocketImpl.java:206)
	at java.net.AbstractPlainSocketImpl.connect(AbstractPlainSocketImpl.java:188)
	at java.net.SocksSocketImpl.connect(SocksSocketImpl.java:392)
	at java.net.Socket.connect(Socket.java:589)
	at sun.security.ssl.SSLSocketImpl.connect(SSLSocketImpl.java:673)
	at sun.security.ssl.BaseSSLSocketImpl.connect(BaseSSLSocketImpl.java:173)
	at sun.net.NetworkClient.doConnect(NetworkClient.java:180)
	at sun.net.www.http.HttpClient.openServer(HttpClient.java:463)
	at sun.net.www.http.HttpClient.openServer(HttpClient.java:558)
	at sun.net.www.protocol.https.HttpsClient.<init>(HttpsClient.java:264)
	at sun.net.www.protocol.https.HttpsClient.New(HttpsClient.java:367)
	at sun.net.www.protocol.https.AbstractDelegateHttpsURLConnection.getNewHttpClient(AbstractDelegateHttpsURLConnection.java:191)
	at sun.net.www.protocol.http.HttpURLConnection.plainConnect0(HttpURLConnection.java:1156)
	at sun.net.www.protocol.http.HttpURLConnection.plainConnect(HttpURLConnection.java:1050)
	at sun.net.www.protocol.https.AbstractDelegateHttpsURLConnection.connect(AbstractDelegateHttpsURLConnection.java:177)
	at sun.net.www.protocol.https.HttpsURLConnectionImpl.connect(HttpsURLConnectionImpl.java:162)
	at org.codehaus.cargo.container.tomcat.internal.TomcatManager.invoke(TomcatManager.java:561)
	at org.codehaus.cargo.container.tomcat.internal.TomcatManager.list(TomcatManager.java:876)
	at org.codehaus.cargo.container.tomcat.internal.TomcatManager.getStatus(TomcatManager.java:889)
	at org.codehaus.cargo.container.tomcat.internal.AbstractTomcatManagerDeployer.redeploy(AbstractTomcatManagerDeployer.java:173)
	... 17 more
java.net.ConnectException: Connection timed out (Connection timed out)
	at java.net.PlainSocketImpl.socketConnect(Native Method)
	at java.net.AbstractPlainSocketImpl.doConnect(AbstractPlainSocketImpl.java:350)
	at java.net.AbstractPlainSocketImpl.connectToAddress(AbstractPlainSocketImpl.java:206)
	at java.net.AbstractPlainSocketImpl.connect(AbstractPlainSocketImpl.java:188)
	at java.net.SocksSocketImpl.connect(SocksSocketImpl.java:392)
	at java.net.Socket.connect(Socket.java:589)
	at sun.security.ssl.SSLSocketImpl.connect(SSLSocketImpl.java:673)
	at sun.security.ssl.BaseSSLSocketImpl.connect(BaseSSLSocketImpl.java:173)
	at sun.net.NetworkClient.doConnect(NetworkClient.java:180)
	at sun.net.www.http.HttpClient.openServer(HttpClient.java:463)
	at sun.net.www.http.HttpClient.openServer(HttpClient.java:558)
	at sun.net.www.protocol.https.HttpsClient.<init>(HttpsClient.java:264)
	at sun.net.www.protocol.https.HttpsClient.New(HttpsClient.java:367)
	at sun.net.www.protocol.https.AbstractDelegateHttpsURLConnection.getNewHttpClient(AbstractDelegateHttpsURLConnection.java:191)
	at sun.net.www.protocol.http.HttpURLConnection.plainConnect0(HttpURLConnection.java:1156)
	at sun.net.www.protocol.http.HttpURLConnection.plainConnect(HttpURLConnection.java:1050)
	at sun.net.www.protocol.https.AbstractDelegateHttpsURLConnection.connect(AbstractDelegateHttpsURLConnection.java:177)
	at sun.net.www.protocol.https.HttpsURLConnectionImpl.connect(HttpsURLConnectionImpl.java:162)
	at org.codehaus.cargo.container.tomcat.internal.TomcatManager.invoke(TomcatManager.java:561)
	at org.codehaus.cargo.container.tomcat.internal.TomcatManager.list(TomcatManager.java:876)
	at org.codehaus.cargo.container.tomcat.internal.TomcatManager.getStatus(TomcatManager.java:889)
	at org.codehaus.cargo.container.tomcat.internal.AbstractTomcatManagerDeployer.redeploy(AbstractTomcatManagerDeployer.java:173)
	at hudson.plugins.deploy.CargoContainerAdapter.deploy(CargoContainerAdapter.java:77)
	at hudson.plugins.deploy.CargoContainerAdapter$DeployCallable.invoke(CargoContainerAdapter.java:147)
	at hudson.plugins.deploy.CargoContainerAdapter$DeployCallable.invoke(CargoContainerAdapter.java:117)
	at hudson.FilePath.act(FilePath.java:1009)
	at hudson.FilePath.act(FilePath.java:987)
	at hudson.plugins.deploy.CargoContainerAdapter.redeploy(CargoContainerAdapter.java:114)
	at hudson.plugins.deploy.PasswordProtectedAdapterCargo.redeploy(PasswordProtectedAdapterCargo.java:93)
	at hudson.plugins.deploy.DeployPublisher.perform(DeployPublisher.java:64)
	at hudson.tasks.BuildStepMonitor$3.perform(BuildStepMonitor.java:45)
	at hudson.model.AbstractBuild$AbstractBuildExecution.perform(AbstractBuild.java:744)
	at hudson.model.AbstractBuild$AbstractBuildExecution.performAllBuildSteps(AbstractBuild.java:690)
	at hudson.model.Build$BuildExecution.post2(Build.java:186)
	at hudson.model.AbstractBuild$AbstractBuildExecution.post(AbstractBuild.java:635)
	at hudson.model.Run.execute(Run.java:1752)
	at hudson.model.FreeStyleBuild.run(FreeStyleBuild.java:43)
	at hudson.model.ResourceController.execute(ResourceController.java:97)
	at hudson.model.Executor.run(Executor.java:429)
Build step 'Deploy war/ear to a container' marked build as failure
Finished: FAILURE
