Started by user [8mha:////4PYgpkwZo8EKlb+URKFUsgiv/RqYAisVzRh7lnXzNay6AAAAmR+LCAAAAAAAAP9b85aBtbiIQTGjNKU4P08vOT+vOD8nVc83PyU1x6OyILUoJzMv2y+/JJUBAhiZGBgqihhk0NSjKDWzXb3RdlLBUSYGJk8GtpzUvPSSDB8G5tKinBIGIZ+sxLJE/ZzEvHT94JKizLx0a6BxUmjGOUNodHsLgAzOEgZe/dLi1CL90rzsvPzyPACFlOLawgAAAA==[0manonymous
Building in workspace /var/lib/jenkins/workspace/Assignment
Cloning the remote Git repository
Cloning repository https://github.com/ahteshama/Assignment.git
 > git init /var/lib/jenkins/workspace/Assignment # timeout=10
Fetching upstream changes from https://github.com/ahteshama/Assignment.git
 > git --version # timeout=10
using GIT_ASKPASS to set credentials 
 > git fetch --tags --progress https://github.com/ahteshama/Assignment.git +refs/heads/*:refs/remotes/origin/*
 > git config remote.origin.url https://github.com/ahteshama/Assignment.git # timeout=10
 > git config --add remote.origin.fetch +refs/heads/*:refs/remotes/origin/* # timeout=10
 > git config remote.origin.url https://github.com/ahteshama/Assignment.git # timeout=10
Fetching upstream changes from https://github.com/ahteshama/Assignment.git
using GIT_ASKPASS to set credentials 
 > git fetch --tags --progress https://github.com/ahteshama/Assignment.git +refs/heads/*:refs/remotes/origin/*
 > git rev-parse refs/remotes/origin/master^{commit} # timeout=10
 > git rev-parse refs/remotes/origin/origin/master^{commit} # timeout=10
Checking out Revision ed0c067c126f826e44dbf88de0ee669073e76b0c (refs/remotes/origin/master)
 > git config core.sparsecheckout # timeout=10
 > git checkout -f ed0c067c126f826e44dbf88de0ee669073e76b0c
Commit message: "commit"
First time build. Skipping changelog.
[Assignment] $ mvn clean install
[INFO] Scanning for projects...
[INFO] ------------------------------------------------------------------------
[INFO] BUILD FAILURE
[INFO] ------------------------------------------------------------------------
[INFO] Total time: 0.114s
[INFO] Finished at: Wed May 02 06:13:56 UTC 2018
[INFO] Final Memory: 4M/15M
[INFO] ------------------------------------------------------------------------
[8mha:////4MuqI3cVVvQWYrLFYKx+fs1sAWYl0dW1TKhfAj3Hjq1RAAAAYB+LCAAAAAAAAP9b85aBtbiIQSmjNKU4P0+vJLE4u1gvPjexLDVPzxdEuhYV5Rf55ZekOlc7RKnPKH7IxMBQUcQgBdWQnJ9XnJ+TqucMoUEKGSCAEaSwAACsNFCqYAAAAA==[0m[ERROR] The goal you specified requires a project to execute but there is no POM in this directory (/var/lib/jenkins/workspace/Assignment). Please verify you invoked Maven from the correct directory. -> [Help 1]
[8mha:////4MuqI3cVVvQWYrLFYKx+fs1sAWYl0dW1TKhfAj3Hjq1RAAAAYB+LCAAAAAAAAP9b85aBtbiIQSmjNKU4P0+vJLE4u1gvPjexLDVPzxdEuhYV5Rf55ZekOlc7RKnPKH7IxMBQUcQgBdWQnJ9XnJ+TqucMoUEKGSCAEaSwAACsNFCqYAAAAA==[0m[ERROR] 
[8mha:////4MuqI3cVVvQWYrLFYKx+fs1sAWYl0dW1TKhfAj3Hjq1RAAAAYB+LCAAAAAAAAP9b85aBtbiIQSmjNKU4P0+vJLE4u1gvPjexLDVPzxdEuhYV5Rf55ZekOlc7RKnPKH7IxMBQUcQgBdWQnJ9XnJ+TqucMoUEKGSCAEaSwAACsNFCqYAAAAA==[0m[ERROR] To see the full stack trace of the errors, re-run Maven with the -e switch.
[8mha:////4MuqI3cVVvQWYrLFYKx+fs1sAWYl0dW1TKhfAj3Hjq1RAAAAYB+LCAAAAAAAAP9b85aBtbiIQSmjNKU4P0+vJLE4u1gvPjexLDVPzxdEuhYV5Rf55ZekOlc7RKnPKH7IxMBQUcQgBdWQnJ9XnJ+TqucMoUEKGSCAEaSwAACsNFCqYAAAAA==[0m[ERROR] Re-run Maven using the -X switch to enable full debug logging.
[8mha:////4MuqI3cVVvQWYrLFYKx+fs1sAWYl0dW1TKhfAj3Hjq1RAAAAYB+LCAAAAAAAAP9b85aBtbiIQSmjNKU4P0+vJLE4u1gvPjexLDVPzxdEuhYV5Rf55ZekOlc7RKnPKH7IxMBQUcQgBdWQnJ9XnJ+TqucMoUEKGSCAEaSwAACsNFCqYAAAAA==[0m[ERROR] 
[8mha:////4MuqI3cVVvQWYrLFYKx+fs1sAWYl0dW1TKhfAj3Hjq1RAAAAYB+LCAAAAAAAAP9b85aBtbiIQSmjNKU4P0+vJLE4u1gvPjexLDVPzxdEuhYV5Rf55ZekOlc7RKnPKH7IxMBQUcQgBdWQnJ9XnJ+TqucMoUEKGSCAEaSwAACsNFCqYAAAAA==[0m[ERROR] For more information about the errors and possible solutions, please read the following articles:
[8mha:////4MuqI3cVVvQWYrLFYKx+fs1sAWYl0dW1TKhfAj3Hjq1RAAAAYB+LCAAAAAAAAP9b85aBtbiIQSmjNKU4P0+vJLE4u1gvPjexLDVPzxdEuhYV5Rf55ZekOlc7RKnPKH7IxMBQUcQgBdWQnJ9XnJ+TqucMoUEKGSCAEaSwAACsNFCqYAAAAA==[0m[ERROR] [Help 1] http://cwiki.apache.org/confluence/display/MAVEN/MissingProjectException
Build step 'Invoke top-level Maven targets' marked build as failure
Finished: FAILURE
